============================================================
🚀 Auto-generated model name: PM_noisy_cqt_model
============================================================
Using device: cuda
Epoch 1/300
  Train loss: 0.7021, acc: 0.5536
  Val   loss: 0.6474, acc: 0.6400, AUC: 0.7124
  [Saved Best] checkpoints/PM_noisy_cqt_model.pth
Epoch 2/300
  Train loss: 0.6665, acc: 0.6245
  Val   loss: 0.6525, acc: 0.6224, AUC: 0.7276
  [Saved Best] checkpoints/PM_noisy_cqt_model.pth
Epoch 3/300
  Train loss: 0.6506, acc: 0.6435
  Val   loss: 0.6260, acc: 0.6624, AUC: 0.7357
  [Saved Best] checkpoints/PM_noisy_cqt_model.pth
Epoch 4/300
  Train loss: 0.6540, acc: 0.6320
  Val   loss: 0.6293, acc: 0.6880, AUC: 0.7428
  [Saved Best] checkpoints/PM_noisy_cqt_model.pth
Epoch 5/300
  Train loss: 0.6423, acc: 0.6589
  Val   loss: 0.6282, acc: 0.6624, AUC: 0.7619
  [Saved Best] checkpoints/PM_noisy_cqt_model.pth
Epoch 6/300
  Train loss: 0.6063, acc: 0.6976
  Val   loss: 0.5468, acc: 0.7680, AUC: 0.8352
  [Saved Best] checkpoints/PM_noisy_cqt_model.pth
Epoch 7/300
  Train loss: 0.5664, acc: 0.7408
  Val   loss: 0.5159, acc: 0.7872, AUC: 0.8640
  [Saved Best] checkpoints/PM_noisy_cqt_model.pth
Epoch 8/300
  Train loss: 0.5369, acc: 0.7795
  Val   loss: 0.4974, acc: 0.8048, AUC: 0.8823
  [Saved Best] checkpoints/PM_noisy_cqt_model.pth
Epoch 9/300
  Train loss: 0.5279, acc: 0.7896
  Val   loss: 0.5380, acc: 0.7728, AUC: 0.8805
Epoch 10/300
  Train loss: 0.5042, acc: 0.8069
  Val   loss: 0.4748, acc: 0.8256, AUC: 0.8962
  [Saved Best] checkpoints/PM_noisy_cqt_model.pth
Epoch 11/300
  Train loss: 0.4946, acc: 0.8032
  Val   loss: 0.4816, acc: 0.8096, AUC: 0.9024
  [Saved Best] checkpoints/PM_noisy_cqt_model.pth
Epoch 12/300
  Train loss: 0.4838, acc: 0.8123
  Val   loss: 0.4577, acc: 0.8224, AUC: 0.9088
  [Saved Best] checkpoints/PM_noisy_cqt_model.pth
Epoch 13/300
  Train loss: 0.4781, acc: 0.8264
  Val   loss: 0.4574, acc: 0.8240, AUC: 0.9078
Epoch 14/300
  Train loss: 0.4675, acc: 0.8237
  Val   loss: 0.4758, acc: 0.8304, AUC: 0.9096
  [Saved Best] checkpoints/PM_noisy_cqt_model.pth
Epoch 15/300
  Train loss: 0.4712, acc: 0.8272
  Val   loss: 0.4520, acc: 0.8240, AUC: 0.9166
  [Saved Best] checkpoints/PM_noisy_cqt_model.pth
Epoch 16/300
  Train loss: 0.4691, acc: 0.8320
  Val   loss: 0.4623, acc: 0.8288, AUC: 0.9156
Epoch 17/300
  Train loss: 0.4544, acc: 0.8360
  Val   loss: 0.4375, acc: 0.8432, AUC: 0.9221
  [Saved Best] checkpoints/PM_noisy_cqt_model.pth
Epoch 18/300
  Train loss: 0.4615, acc: 0.8325
  Val   loss: 0.4635, acc: 0.8288, AUC: 0.9165
Epoch 19/300
  Train loss: 0.4451, acc: 0.8395
  Val   loss: 0.4405, acc: 0.8368, AUC: 0.9198
Epoch 20/300
  Train loss: 0.4426, acc: 0.8432
  Val   loss: 0.4385, acc: 0.8384, AUC: 0.9224
  [Saved Best] checkpoints/PM_noisy_cqt_model.pth
Epoch 21/300
  Train loss: 0.4429, acc: 0.8453
  Val   loss: 0.4325, acc: 0.8352, AUC: 0.9262
  [Saved Best] checkpoints/PM_noisy_cqt_model.pth
Epoch 22/300
  Train loss: 0.4403, acc: 0.8477
  Val   loss: 0.4277, acc: 0.8464, AUC: 0.9276
  [Saved Best] checkpoints/PM_noisy_cqt_model.pth
Epoch 23/300
  Train loss: 0.4454, acc: 0.8459
  Val   loss: 0.4362, acc: 0.8400, AUC: 0.9296
  [Saved Best] checkpoints/PM_noisy_cqt_model.pth
Epoch 24/300
  Train loss: 0.4381, acc: 0.8480
  Val   loss: 0.4479, acc: 0.8336, AUC: 0.9252
Epoch 25/300
  Train loss: 0.4312, acc: 0.8501
  Val   loss: 0.4332, acc: 0.8384, AUC: 0.9269
Epoch 26/300
  Train loss: 0.4310, acc: 0.8515
  Val   loss: 0.4297, acc: 0.8448, AUC: 0.9270
Epoch 27/300
  Train loss: 0.4222, acc: 0.8557
  Val   loss: 0.4231, acc: 0.8448, AUC: 0.9306
  [Saved Best] checkpoints/PM_noisy_cqt_model.pth
Epoch 28/300
  Train loss: 0.4333, acc: 0.8515
  Val   loss: 0.4163, acc: 0.8608, AUC: 0.9331
  [Saved Best] checkpoints/PM_noisy_cqt_model.pth
Epoch 29/300
  Train loss: 0.4360, acc: 0.8432
  Val   loss: 0.4467, acc: 0.8304, AUC: 0.9272
Epoch 30/300
  Train loss: 0.4287, acc: 0.8520
  Val   loss: 0.4308, acc: 0.8352, AUC: 0.9305
Epoch 31/300
  Train loss: 0.4208, acc: 0.8608
  Val   loss: 0.4129, acc: 0.8544, AUC: 0.9372
  [Saved Best] checkpoints/PM_noisy_cqt_model.pth
Epoch 32/300
  Train loss: 0.4221, acc: 0.8632
  Val   loss: 0.4156, acc: 0.8480, AUC: 0.9373
  [Saved Best] checkpoints/PM_noisy_cqt_model.pth
Epoch 33/300
  Train loss: 0.4182, acc: 0.8653
  Val   loss: 0.4270, acc: 0.8512, AUC: 0.9325
Epoch 34/300
  Train loss: 0.4223, acc: 0.8619
  Val   loss: 0.4119, acc: 0.8544, AUC: 0.9363
Epoch 35/300
  Train loss: 0.4213, acc: 0.8592
  Val   loss: 0.4318, acc: 0.8384, AUC: 0.9332
Epoch 36/300
  Train loss: 0.4128, acc: 0.8565
  Val   loss: 0.4254, acc: 0.8480, AUC: 0.9398
  [Saved Best] checkpoints/PM_noisy_cqt_model.pth
Epoch 37/300
  Train loss: 0.4124, acc: 0.8691
  Val   loss: 0.4339, acc: 0.8544, AUC: 0.9277
Epoch 38/300
  Train loss: 0.4026, acc: 0.8768
  Val   loss: 0.4235, acc: 0.8544, AUC: 0.9313
Epoch 39/300
  Train loss: 0.4157, acc: 0.8680
  Val   loss: 0.4149, acc: 0.8480, AUC: 0.9379
Epoch 40/300
  Train loss: 0.4086, acc: 0.8741
  Val   loss: 0.4166, acc: 0.8592, AUC: 0.9376
Epoch 41/300
  Train loss: 0.4101, acc: 0.8664
  Val   loss: 0.4040, acc: 0.8528, AUC: 0.9406
  [Saved Best] checkpoints/PM_noisy_cqt_model.pth
Epoch 42/300
  Train loss: 0.4015, acc: 0.8691
  Val   loss: 0.4122, acc: 0.8544, AUC: 0.9370
Epoch 43/300
  Train loss: 0.4015, acc: 0.8715
  Val   loss: 0.4092, acc: 0.8576, AUC: 0.9404
Epoch 44/300
  Train loss: 0.3945, acc: 0.8763
  Val   loss: 0.4049, acc: 0.8704, AUC: 0.9410
  [Saved Best] checkpoints/PM_noisy_cqt_model.pth
Epoch 45/300
  Train loss: 0.4087, acc: 0.8677
  Val   loss: 0.4151, acc: 0.8528, AUC: 0.9417
  [Saved Best] checkpoints/PM_noisy_cqt_model.pth
Epoch 46/300
  Train loss: 0.3936, acc: 0.8776
  Val   loss: 0.3987, acc: 0.8592, AUC: 0.9448
  [Saved Best] checkpoints/PM_noisy_cqt_model.pth
Epoch 47/300
  Train loss: 0.3943, acc: 0.8757
  Val   loss: 0.4229, acc: 0.8432, AUC: 0.9352
Epoch 48/300
  Train loss: 0.3994, acc: 0.8728
  Val   loss: 0.4333, acc: 0.8432, AUC: 0.9377
Epoch 49/300
  Train loss: 0.3906, acc: 0.8757
  Val   loss: 0.4065, acc: 0.8608, AUC: 0.9396
Epoch 50/300
  Train loss: 0.3983, acc: 0.8741
  Val   loss: 0.4013, acc: 0.8672, AUC: 0.9421
Epoch 51/300
  Train loss: 0.3969, acc: 0.8747
  Val   loss: 0.4246, acc: 0.8480, AUC: 0.9381
Epoch 52/300
  Train loss: 0.3927, acc: 0.8829
  Val   loss: 0.4113, acc: 0.8640, AUC: 0.9386
Epoch 53/300
  Train loss: 0.3988, acc: 0.8715
  Val   loss: 0.4008, acc: 0.8736, AUC: 0.9426
Epoch 54/300
  Train loss: 0.4003, acc: 0.8723
  Val   loss: 0.4207, acc: 0.8560, AUC: 0.9385
Epoch 55/300
  Train loss: 0.3919, acc: 0.8827
  Val   loss: 0.3991, acc: 0.8896, AUC: 0.9439
Epoch 56/300
  Train loss: 0.3819, acc: 0.8819
  Val   loss: 0.3997, acc: 0.8704, AUC: 0.9472
  [Saved Best] checkpoints/PM_noisy_cqt_model.pth
Epoch 57/300
  Train loss: 0.3826, acc: 0.8845
  Val   loss: 0.4037, acc: 0.8544, AUC: 0.9433
Epoch 58/300
  Train loss: 0.3878, acc: 0.8755
  Val   loss: 0.4139, acc: 0.8640, AUC: 0.9395
Epoch 59/300
  Train loss: 0.3801, acc: 0.8885
  Val   loss: 0.4137, acc: 0.8528, AUC: 0.9434
Epoch 60/300
  Train loss: 0.3732, acc: 0.8933
  Val   loss: 0.4199, acc: 0.8544, AUC: 0.9411
Epoch 61/300
  Train loss: 0.3879, acc: 0.8776
  Val   loss: 0.4160, acc: 0.8528, AUC: 0.9405
Epoch 62/300
  Train loss: 0.3862, acc: 0.8861
  Val   loss: 0.4035, acc: 0.8592, AUC: 0.9426
Epoch 63/300
  Train loss: 0.3802, acc: 0.8853
  Val   loss: 0.4035, acc: 0.8576, AUC: 0.9430
Epoch 64/300
  Train loss: 0.3726, acc: 0.8861
  Val   loss: 0.3941, acc: 0.8704, AUC: 0.9497
  [Saved Best] checkpoints/PM_noisy_cqt_model.pth
Epoch 65/300
  Train loss: 0.3801, acc: 0.8867
  Val   loss: 0.3992, acc: 0.8672, AUC: 0.9476
Epoch 66/300
  Train loss: 0.3831, acc: 0.8869
  Val   loss: 0.3969, acc: 0.8704, AUC: 0.9460
Epoch 67/300
  Train loss: 0.3860, acc: 0.8787
  Val   loss: 0.4013, acc: 0.8672, AUC: 0.9454
Epoch 68/300
  Train loss: 0.3708, acc: 0.8917
  Val   loss: 0.3928, acc: 0.8688, AUC: 0.9488
Epoch 69/300
  Train loss: 0.3774, acc: 0.8861
  Val   loss: 0.3949, acc: 0.8560, AUC: 0.9458
Epoch 70/300
  Train loss: 0.3709, acc: 0.8931
  Val   loss: 0.3908, acc: 0.8704, AUC: 0.9478
Epoch 71/300
  Train loss: 0.3675, acc: 0.8915
  Val   loss: 0.3959, acc: 0.8656, AUC: 0.9466
Epoch 72/300
  Train loss: 0.3680, acc: 0.8979
  Val   loss: 0.4135, acc: 0.8640, AUC: 0.9455
Epoch 73/300
  Train loss: 0.3628, acc: 0.8963
  Val   loss: 0.4217, acc: 0.8528, AUC: 0.9384
Epoch 74/300
  Train loss: 0.3656, acc: 0.8923
  Val   loss: 0.4045, acc: 0.8672, AUC: 0.9440
Epoch 75/300
  Train loss: 0.3681, acc: 0.8928
  Val   loss: 0.3980, acc: 0.8592, AUC: 0.9460
Epoch 76/300
  Train loss: 0.3698, acc: 0.8939
  Val   loss: 0.3997, acc: 0.8720, AUC: 0.9469
Epoch 77/300
  Train loss: 0.3632, acc: 0.8963
  Val   loss: 0.4061, acc: 0.8624, AUC: 0.9485
Epoch 78/300
  Train loss: 0.3659, acc: 0.8933
  Val   loss: 0.3981, acc: 0.8720, AUC: 0.9479
Epoch 79/300
  Train loss: 0.3684, acc: 0.8947
  Val   loss: 0.4168, acc: 0.8624, AUC: 0.9439
Epoch 80/300
  Train loss: 0.3555, acc: 0.9024
  Val   loss: 0.3871, acc: 0.8704, AUC: 0.9546
  [Saved Best] checkpoints/PM_noisy_cqt_model.pth
Epoch 81/300
  Train loss: 0.3617, acc: 0.8976
  Val   loss: 0.3979, acc: 0.8720, AUC: 0.9472
Epoch 82/300
  Train loss: 0.3579, acc: 0.9024
  Val   loss: 0.3954, acc: 0.8720, AUC: 0.9532
Epoch 83/300
  Train loss: 0.3572, acc: 0.9013
  Val   loss: 0.3980, acc: 0.8608, AUC: 0.9490
Epoch 84/300
  Train loss: 0.3558, acc: 0.9043
  Val   loss: 0.4084, acc: 0.8576, AUC: 0.9490
Epoch 85/300
  Train loss: 0.3656, acc: 0.8995
  Val   loss: 0.3969, acc: 0.8688, AUC: 0.9536
Epoch 86/300
  Train loss: 0.3594, acc: 0.9027
  Val   loss: 0.3884, acc: 0.8720, AUC: 0.9522
Epoch 87/300
  Train loss: 0.3497, acc: 0.9067
  Val   loss: 0.3973, acc: 0.8752, AUC: 0.9488
Epoch 88/300
  Train loss: 0.3467, acc: 0.9101
  Val   loss: 0.3890, acc: 0.8736, AUC: 0.9551
  [Saved Best] checkpoints/PM_noisy_cqt_model.pth
Epoch 89/300
  Train loss: 0.3517, acc: 0.9027
  Val   loss: 0.4011, acc: 0.8736, AUC: 0.9508
Epoch 90/300
  Train loss: 0.3580, acc: 0.9064
  Val   loss: 0.3907, acc: 0.8736, AUC: 0.9510
Epoch 91/300
  Train loss: 0.3577, acc: 0.9024
  Val   loss: 0.4036, acc: 0.8640, AUC: 0.9472
Epoch 92/300
  Train loss: 0.3484, acc: 0.9123
  Val   loss: 0.3985, acc: 0.8704, AUC: 0.9482
Epoch 93/300
  Train loss: 0.3507, acc: 0.9083
  Val   loss: 0.3932, acc: 0.8720, AUC: 0.9510
Epoch 94/300
  Train loss: 0.3451, acc: 0.9099
  Val   loss: 0.4140, acc: 0.8592, AUC: 0.9491
Epoch 95/300
  Train loss: 0.3398, acc: 0.9157
  Val   loss: 0.4044, acc: 0.8576, AUC: 0.9491
Epoch 96/300
  Train loss: 0.3464, acc: 0.9075
  Val   loss: 0.4136, acc: 0.8672, AUC: 0.9481
Epoch 97/300
  Train loss: 0.3399, acc: 0.9101
  Val   loss: 0.4144, acc: 0.8656, AUC: 0.9473
Epoch 98/300
  Train loss: 0.3535, acc: 0.9029
  Val   loss: 0.4069, acc: 0.8544, AUC: 0.9480
Epoch 99/300
  Train loss: 0.3441, acc: 0.9131
  Val   loss: 0.4103, acc: 0.8576, AUC: 0.9426
Epoch 100/300
  Train loss: 0.3397, acc: 0.9133
  Val   loss: 0.3978, acc: 0.8608, AUC: 0.9523
Epoch 101/300
  Train loss: 0.3421, acc: 0.9136
  Val   loss: 0.3986, acc: 0.8656, AUC: 0.9499
Epoch 102/300
  Train loss: 0.3397, acc: 0.9155
  Val   loss: 0.4017, acc: 0.8720, AUC: 0.9542
Epoch 103/300
  Train loss: 0.3400, acc: 0.9109
  Val   loss: 0.4154, acc: 0.8624, AUC: 0.9514
Epoch 104/300
  Train loss: 0.3338, acc: 0.9136
  Val   loss: 0.4063, acc: 0.8576, AUC: 0.9485
Epoch 105/300
  Train loss: 0.3327, acc: 0.9187
  Val   loss: 0.4061, acc: 0.8608, AUC: 0.9502
Epoch 106/300
  Train loss: 0.3305, acc: 0.9181
  Val   loss: 0.4244, acc: 0.8528, AUC: 0.9439
Epoch 107/300
  Train loss: 0.3354, acc: 0.9181
  Val   loss: 0.4015, acc: 0.8688, AUC: 0.9472
Epoch 108/300
  Train loss: 0.3359, acc: 0.9184
  Val   loss: 0.4022, acc: 0.8576, AUC: 0.9522
Epoch 109/300
  Train loss: 0.3236, acc: 0.9243
  Val   loss: 0.4100, acc: 0.8624, AUC: 0.9471
Epoch 110/300
  Train loss: 0.3336, acc: 0.9176
  Val   loss: 0.3975, acc: 0.8544, AUC: 0.9502
Epoch 111/300
  Train loss: 0.3323, acc: 0.9149
  Val   loss: 0.3992, acc: 0.8736, AUC: 0.9524
Epoch 112/300
  Train loss: 0.3217, acc: 0.9277
  Val   loss: 0.4088, acc: 0.8640, AUC: 0.9433
Epoch 113/300
  Train loss: 0.3259, acc: 0.9184
  Val   loss: 0.4014, acc: 0.8752, AUC: 0.9521
Epoch 114/300
  Train loss: 0.3224, acc: 0.9275
  Val   loss: 0.3975, acc: 0.8720, AUC: 0.9512
Epoch 115/300
  Train loss: 0.3226, acc: 0.9277
  Val   loss: 0.4032, acc: 0.8768, AUC: 0.9514
Epoch 116/300
  Train loss: 0.3334, acc: 0.9160
  Val   loss: 0.4124, acc: 0.8624, AUC: 0.9498
Epoch 117/300
  Train loss: 0.3226, acc: 0.9227
  Val   loss: 0.4094, acc: 0.8592, AUC: 0.9474
Epoch 118/300
  Train loss: 0.3327, acc: 0.9173
  Val   loss: 0.4229, acc: 0.8576, AUC: 0.9459
Epoch 119/300
  Train loss: 0.3217, acc: 0.9256
  Val   loss: 0.4046, acc: 0.8624, AUC: 0.9500
Epoch 120/300
  Train loss: 0.3274, acc: 0.9235
  Val   loss: 0.4156, acc: 0.8688, AUC: 0.9460
Epoch 121/300
  Train loss: 0.3211, acc: 0.9299
  Val   loss: 0.3971, acc: 0.8720, AUC: 0.9525
Epoch 122/300
  Train loss: 0.3221, acc: 0.9248
  Val   loss: 0.4199, acc: 0.8640, AUC: 0.9421
Epoch 123/300
  Train loss: 0.3114, acc: 0.9363
  Val   loss: 0.4246, acc: 0.8576, AUC: 0.9469
Epoch 124/300
  Train loss: 0.3182, acc: 0.9309
  Val   loss: 0.4393, acc: 0.8592, AUC: 0.9411
Epoch 125/300
  Train loss: 0.3160, acc: 0.9331
  Val   loss: 0.4239, acc: 0.8688, AUC: 0.9441
Epoch 126/300
  Train loss: 0.3211, acc: 0.9309
  Val   loss: 0.4308, acc: 0.8544, AUC: 0.9361
Epoch 127/300
  Train loss: 0.3098, acc: 0.9352
  Val   loss: 0.4438, acc: 0.8560, AUC: 0.9397
Epoch 128/300
  Train loss: 0.3135, acc: 0.9333
  Val   loss: 0.4181, acc: 0.8624, AUC: 0.9458
Epoch 129/300
  Train loss: 0.3194, acc: 0.9304
  Val   loss: 0.4039, acc: 0.8704, AUC: 0.9501
Epoch 130/300
  Train loss: 0.3116, acc: 0.9323
  Val   loss: 0.4032, acc: 0.8688, AUC: 0.9489
Epoch 131/300
  Train loss: 0.3154, acc: 0.9357
  Val   loss: 0.4179, acc: 0.8688, AUC: 0.9460
Epoch 132/300
  Train loss: 0.3170, acc: 0.9331
  Val   loss: 0.4088, acc: 0.8688, AUC: 0.9460
Epoch 133/300
  Train loss: 0.3106, acc: 0.9344
  Val   loss: 0.4100, acc: 0.8736, AUC: 0.9446
Epoch 134/300
  Train loss: 0.3118, acc: 0.9387
  Val   loss: 0.4294, acc: 0.8608, AUC: 0.9458
Epoch 135/300
  Train loss: 0.3075, acc: 0.9392
  Val   loss: 0.4111, acc: 0.8640, AUC: 0.9483
Epoch 136/300
  Train loss: 0.3009, acc: 0.9371
  Val   loss: 0.4140, acc: 0.8832, AUC: 0.9453
Epoch 137/300
  Train loss: 0.3074, acc: 0.9347
  Val   loss: 0.4101, acc: 0.8720, AUC: 0.9502
Epoch 138/300
  Train loss: 0.3093, acc: 0.9333
  Val   loss: 0.4343, acc: 0.8640, AUC: 0.9381
Epoch 139/300
  Train loss: 0.3093, acc: 0.9328
  Val   loss: 0.4143, acc: 0.8752, AUC: 0.9449
Epoch 140/300
  Train loss: 0.3063, acc: 0.9384
  Val   loss: 0.4211, acc: 0.8704, AUC: 0.9449
Epoch 141/300
  Train loss: 0.3027, acc: 0.9419
  Val   loss: 0.4321, acc: 0.8736, AUC: 0.9459
Epoch 142/300
  Train loss: 0.3005, acc: 0.9427
  Val   loss: 0.4392, acc: 0.8672, AUC: 0.9469
Epoch 143/300
  Train loss: 0.3014, acc: 0.9416
  Val   loss: 0.4134, acc: 0.8848, AUC: 0.9513
Epoch 144/300
  Train loss: 0.3043, acc: 0.9389
  Val   loss: 0.4145, acc: 0.8736, AUC: 0.9462
Epoch 145/300
  Train loss: 0.2958, acc: 0.9469
  Val   loss: 0.4502, acc: 0.8688, AUC: 0.9480
Epoch 146/300
  Train loss: 0.2966, acc: 0.9488
  Val   loss: 0.4230, acc: 0.8832, AUC: 0.9484
Epoch 147/300
  Train loss: 0.2919, acc: 0.9491
  Val   loss: 0.4373, acc: 0.8640, AUC: 0.9417
Epoch 148/300
  Train loss: 0.3069, acc: 0.9373
  Val   loss: 0.4406, acc: 0.8656, AUC: 0.9443
Epoch 149/300
  Train loss: 0.2886, acc: 0.9493
  Val   loss: 0.4245, acc: 0.8784, AUC: 0.9468
Epoch 150/300
  Train loss: 0.2913, acc: 0.9480
  Val   loss: 0.4607, acc: 0.8576, AUC: 0.9382
Epoch 151/300
  Train loss: 0.2985, acc: 0.9437
  Val   loss: 0.4543, acc: 0.8496, AUC: 0.9428
Epoch 152/300
  Train loss: 0.3045, acc: 0.9373
  Val   loss: 0.4245, acc: 0.8752, AUC: 0.9437
Epoch 153/300
  Train loss: 0.2879, acc: 0.9496
  Val   loss: 0.4347, acc: 0.8640, AUC: 0.9474
Epoch 154/300
  Train loss: 0.2922, acc: 0.9501
  Val   loss: 0.4274, acc: 0.8624, AUC: 0.9471
Epoch 155/300
  Train loss: 0.2875, acc: 0.9531
  Val   loss: 0.4389, acc: 0.8688, AUC: 0.9464
Epoch 156/300
  Train loss: 0.3037, acc: 0.9403
  Val   loss: 0.4325, acc: 0.8640, AUC: 0.9486
Epoch 157/300
  Train loss: 0.3025, acc: 0.9413
  Val   loss: 0.4304, acc: 0.8688, AUC: 0.9442
Epoch 158/300
  Train loss: 0.2893, acc: 0.9496
  Val   loss: 0.4446, acc: 0.8672, AUC: 0.9338
Epoch 159/300
  Train loss: 0.2903, acc: 0.9515
  Val   loss: 0.4180, acc: 0.8896, AUC: 0.9435
Epoch 160/300
  Train loss: 0.2902, acc: 0.9461
  Val   loss: 0.4314, acc: 0.8736, AUC: 0.9468
Epoch 161/300
  Train loss: 0.2860, acc: 0.9512
  Val   loss: 0.4455, acc: 0.8624, AUC: 0.9438
Epoch 162/300
  Train loss: 0.2801, acc: 0.9549
  Val   loss: 0.4574, acc: 0.8592, AUC: 0.9363
Epoch 163/300
  Train loss: 0.2913, acc: 0.9475
  Val   loss: 0.4163, acc: 0.8832, AUC: 0.9449
Epoch 164/300
  Train loss: 0.2841, acc: 0.9533
  Val   loss: 0.4347, acc: 0.8784, AUC: 0.9429
Epoch 165/300
  Train loss: 0.2936, acc: 0.9467
  Val   loss: 0.4318, acc: 0.8688, AUC: 0.9441
Epoch 166/300
  Train loss: 0.2909, acc: 0.9435
  Val   loss: 0.4545, acc: 0.8624, AUC: 0.9428
Epoch 167/300
  Train loss: 0.2794, acc: 0.9579
  Val   loss: 0.4588, acc: 0.8576, AUC: 0.9375
Epoch 168/300
  Train loss: 0.2852, acc: 0.9531
  Val   loss: 0.4468, acc: 0.8560, AUC: 0.9389
Epoch 169/300
  Train loss: 0.2855, acc: 0.9507
  Val   loss: 0.4197, acc: 0.8640, AUC: 0.9490
Epoch 170/300
  Train loss: 0.2830, acc: 0.9528
  Val   loss: 0.4466, acc: 0.8608, AUC: 0.9414
Epoch 171/300
  Train loss: 0.2833, acc: 0.9523
  Val   loss: 0.4461, acc: 0.8672, AUC: 0.9377
Epoch 172/300
  Train loss: 0.2700, acc: 0.9592
  Val   loss: 0.4448, acc: 0.8640, AUC: 0.9379
Epoch 173/300
  Train loss: 0.2793, acc: 0.9547
  Val   loss: 0.4351, acc: 0.8704, AUC: 0.9437
Epoch 174/300
  Train loss: 0.2814, acc: 0.9512
  Val   loss: 0.4568, acc: 0.8624, AUC: 0.9369
Epoch 175/300
  Train loss: 0.2796, acc: 0.9563
  Val   loss: 0.4430, acc: 0.8704, AUC: 0.9350
Epoch 176/300
  Train loss: 0.2832, acc: 0.9501
  Val   loss: 0.4482, acc: 0.8592, AUC: 0.9390
Epoch 177/300
  Train loss: 0.2768, acc: 0.9592
  Val   loss: 0.4321, acc: 0.8672, AUC: 0.9410
Epoch 178/300
  Train loss: 0.2826, acc: 0.9533
  Val   loss: 0.4632, acc: 0.8512, AUC: 0.9322
Epoch 179/300
  Train loss: 0.2753, acc: 0.9568
  Val   loss: 0.4576, acc: 0.8624, AUC: 0.9284
Epoch 180/300
  Train loss: 0.2759, acc: 0.9565
  Val   loss: 0.4497, acc: 0.8640, AUC: 0.9329
Epoch 181/300
  Train loss: 0.2824, acc: 0.9525
  Val   loss: 0.4278, acc: 0.8752, AUC: 0.9386
Epoch 182/300
  Train loss: 0.2662, acc: 0.9632
  Val   loss: 0.4206, acc: 0.8736, AUC: 0.9388
Epoch 183/300
  Train loss: 0.2769, acc: 0.9549
  Val   loss: 0.4448, acc: 0.8592, AUC: 0.9425
Epoch 184/300
  Train loss: 0.2774, acc: 0.9587
  Val   loss: 0.4412, acc: 0.8752, AUC: 0.9359
Epoch 185/300
  Train loss: 0.2703, acc: 0.9589
  Val   loss: 0.4701, acc: 0.8640, AUC: 0.9309
Epoch 186/300
  Train loss: 0.2642, acc: 0.9645
  Val   loss: 0.4736, acc: 0.8656, AUC: 0.9269
Epoch 187/300
  Train loss: 0.2699, acc: 0.9619
  Val   loss: 0.4479, acc: 0.8720, AUC: 0.9337
Epoch 188/300
  Train loss: 0.2777, acc: 0.9565
  Val   loss: 0.4756, acc: 0.8576, AUC: 0.9300
Epoch 189/300
  Train loss: 0.2766, acc: 0.9584
  Val   loss: 0.4573, acc: 0.8528, AUC: 0.9342
Epoch 190/300
  Train loss: 0.2644, acc: 0.9643
  Val   loss: 0.4638, acc: 0.8528, AUC: 0.9310
Epoch 191/300
  Train loss: 0.2630, acc: 0.9680
  Val   loss: 0.4534, acc: 0.8576, AUC: 0.9392
Epoch 192/300
  Train loss: 0.2640, acc: 0.9664
  Val   loss: 0.4984, acc: 0.8528, AUC: 0.9300
Epoch 193/300
  Train loss: 0.2707, acc: 0.9613
  Val   loss: 0.4703, acc: 0.8560, AUC: 0.9308
Epoch 194/300
  Train loss: 0.2681, acc: 0.9616
  Val   loss: 0.5132, acc: 0.8592, AUC: 0.9294
Epoch 195/300
  Train loss: 0.2766, acc: 0.9581
  Val   loss: 0.4489, acc: 0.8720, AUC: 0.9395
Epoch 196/300
  Train loss: 0.2706, acc: 0.9611
  Val   loss: 0.4651, acc: 0.8528, AUC: 0.9318
Epoch 197/300
  Train loss: 0.2675, acc: 0.9640
  Val   loss: 0.4857, acc: 0.8464, AUC: 0.9312
Epoch 198/300
  Train loss: 0.2692, acc: 0.9611
  Val   loss: 0.4732, acc: 0.8640, AUC: 0.9325
Epoch 199/300
  Train loss: 0.2686, acc: 0.9629
  Val   loss: 0.4520, acc: 0.8752, AUC: 0.9356
Epoch 200/300
  Train loss: 0.2704, acc: 0.9616
  Val   loss: 0.4607, acc: 0.8592, AUC: 0.9348
Epoch 201/300
  Train loss: 0.2633, acc: 0.9667
  Val   loss: 0.4866, acc: 0.8448, AUC: 0.9205
Epoch 202/300
  Train loss: 0.2714, acc: 0.9611
  Val   loss: 0.4690, acc: 0.8672, AUC: 0.9276
Epoch 203/300
  Train loss: 0.2672, acc: 0.9640
  Val   loss: 0.4510, acc: 0.8688, AUC: 0.9333
Epoch 204/300
  Train loss: 0.2676, acc: 0.9619
  Val   loss: 0.4708, acc: 0.8656, AUC: 0.9318
Epoch 205/300
  Train loss: 0.2539, acc: 0.9717
  Val   loss: 0.4579, acc: 0.8784, AUC: 0.9361
Epoch 206/300
  Train loss: 0.2644, acc: 0.9651
  Val   loss: 0.4649, acc: 0.8640, AUC: 0.9323
Epoch 207/300
  Train loss: 0.2658, acc: 0.9640
  Val   loss: 0.4808, acc: 0.8528, AUC: 0.9291
Epoch 208/300
  Train loss: 0.2660, acc: 0.9616
  Val   loss: 0.4799, acc: 0.8448, AUC: 0.9302
Epoch 209/300
  Train loss: 0.2708, acc: 0.9608
  Val   loss: 0.4750, acc: 0.8560, AUC: 0.9307
Epoch 210/300
  Train loss: 0.2663, acc: 0.9632
  Val   loss: 0.4466, acc: 0.8672, AUC: 0.9361
Epoch 211/300
  Train loss: 0.2645, acc: 0.9675
  Val   loss: 0.4632, acc: 0.8560, AUC: 0.9338
Epoch 212/300
  Train loss: 0.2569, acc: 0.9680
  Val   loss: 0.4668, acc: 0.8640, AUC: 0.9329
Epoch 213/300
  Train loss: 0.2705, acc: 0.9597
  Val   loss: 0.4871, acc: 0.8480, AUC: 0.9270
Epoch 214/300
  Train loss: 0.2631, acc: 0.9661
  Val   loss: 0.4531, acc: 0.8656, AUC: 0.9347
Epoch 215/300
  Train loss: 0.2643, acc: 0.9653
  Val   loss: 0.4714, acc: 0.8624, AUC: 0.9367
Epoch 216/300
  Train loss: 0.2574, acc: 0.9672
  Val   loss: 0.4735, acc: 0.8560, AUC: 0.9234
Epoch 217/300
  Train loss: 0.2527, acc: 0.9733
  Val   loss: 0.4775, acc: 0.8640, AUC: 0.9290
Epoch 218/300
  Train loss: 0.2696, acc: 0.9584
  Val   loss: 0.4696, acc: 0.8560, AUC: 0.9318
Epoch 219/300
  Train loss: 0.2629, acc: 0.9656
  Val   loss: 0.4753, acc: 0.8608, AUC: 0.9339
Epoch 220/300
  Train loss: 0.2560, acc: 0.9683
  Val   loss: 0.4777, acc: 0.8720, AUC: 0.9280
Epoch 221/300
  Train loss: 0.2584, acc: 0.9691
  Val   loss: 0.4692, acc: 0.8624, AUC: 0.9261
Epoch 222/300
  Train loss: 0.2562, acc: 0.9704
  Val   loss: 0.4747, acc: 0.8608, AUC: 0.9365
Epoch 223/300
  Train loss: 0.2609, acc: 0.9677
  Val   loss: 0.4563, acc: 0.8672, AUC: 0.9280
Epoch 224/300
  Train loss: 0.2578, acc: 0.9661
  Val   loss: 0.4884, acc: 0.8480, AUC: 0.9296
Epoch 225/300
  Train loss: 0.2517, acc: 0.9704
  Val   loss: 0.4587, acc: 0.8656, AUC: 0.9381
Epoch 226/300
  Train loss: 0.2610, acc: 0.9683
  Val   loss: 0.4834, acc: 0.8576, AUC: 0.9244
Epoch 227/300
  Train loss: 0.2606, acc: 0.9656
  Val   loss: 0.4732, acc: 0.8656, AUC: 0.9316
Epoch 228/300
  Train loss: 0.2474, acc: 0.9739
  Val   loss: 0.4736, acc: 0.8672, AUC: 0.9307
Epoch 229/300
  Train loss: 0.2508, acc: 0.9752
  Val   loss: 0.4641, acc: 0.8720, AUC: 0.9412
Epoch 230/300
  Train loss: 0.2548, acc: 0.9696
  Val   loss: 0.4794, acc: 0.8656, AUC: 0.9269
Epoch 231/300
  Train loss: 0.2550, acc: 0.9717
  Val   loss: 0.4720, acc: 0.8688, AUC: 0.9303
Epoch 232/300
  Train loss: 0.2598, acc: 0.9672
  Val   loss: 0.4589, acc: 0.8640, AUC: 0.9303
Epoch 233/300
  Train loss: 0.2554, acc: 0.9699
  Val   loss: 0.4788, acc: 0.8560, AUC: 0.9293
Epoch 234/300
  Train loss: 0.2529, acc: 0.9723
  Val   loss: 0.4668, acc: 0.8672, AUC: 0.9382
Epoch 235/300
  Train loss: 0.2553, acc: 0.9720
  Val   loss: 0.4798, acc: 0.8560, AUC: 0.9259
Epoch 236/300
  Train loss: 0.2513, acc: 0.9736
  Val   loss: 0.4882, acc: 0.8496, AUC: 0.9233
Epoch 237/300
  Train loss: 0.2533, acc: 0.9717
  Val   loss: 0.4959, acc: 0.8432, AUC: 0.9249
Epoch 238/300
  Train loss: 0.2574, acc: 0.9715
  Val   loss: 0.4731, acc: 0.8640, AUC: 0.9310
Epoch 239/300
  Train loss: 0.2507, acc: 0.9715
  Val   loss: 0.4718, acc: 0.8704, AUC: 0.9275
Epoch 240/300
  Train loss: 0.2509, acc: 0.9723
  Val   loss: 0.4774, acc: 0.8528, AUC: 0.9368
Epoch 241/300
  Train loss: 0.2584, acc: 0.9643
  Val   loss: 0.4801, acc: 0.8528, AUC: 0.9336
Epoch 242/300
  Train loss: 0.2599, acc: 0.9664
  Val   loss: 0.4833, acc: 0.8624, AUC: 0.9311
Epoch 243/300
  Train loss: 0.2516, acc: 0.9736
  Val   loss: 0.4712, acc: 0.8624, AUC: 0.9298
Epoch 244/300
  Train loss: 0.2496, acc: 0.9712
  Val   loss: 0.5010, acc: 0.8560, AUC: 0.9270
Epoch 245/300
  Train loss: 0.2533, acc: 0.9704
  Val   loss: 0.4714, acc: 0.8624, AUC: 0.9279
Epoch 246/300
  Train loss: 0.2599, acc: 0.9693
  Val   loss: 0.4616, acc: 0.8736, AUC: 0.9271
Epoch 247/300
  Train loss: 0.2521, acc: 0.9717
  Val   loss: 0.4826, acc: 0.8608, AUC: 0.9174
Epoch 248/300
  Train loss: 0.2461, acc: 0.9763
  Val   loss: 0.4939, acc: 0.8592, AUC: 0.9265
Epoch 249/300
  Train loss: 0.2500, acc: 0.9731
  Val   loss: 0.5155, acc: 0.8544, AUC: 0.9151
Epoch 250/300
  Train loss: 0.2561, acc: 0.9704
  Val   loss: 0.5004, acc: 0.8432, AUC: 0.9260
Epoch 251/300
  Train loss: 0.2451, acc: 0.9797
  Val   loss: 0.4770, acc: 0.8704, AUC: 0.9307
Epoch 252/300
  Train loss: 0.2534, acc: 0.9725
  Val   loss: 0.4992, acc: 0.8560, AUC: 0.9213
Epoch 253/300
  Train loss: 0.2536, acc: 0.9725
  Val   loss: 0.4781, acc: 0.8656, AUC: 0.9220
Epoch 254/300
  Train loss: 0.2555, acc: 0.9725
  Val   loss: 0.4888, acc: 0.8480, AUC: 0.9175
Epoch 255/300
  Train loss: 0.2545, acc: 0.9717
  Val   loss: 0.4801, acc: 0.8688, AUC: 0.9224
Epoch 256/300
  Train loss: 0.2514, acc: 0.9717
  Val   loss: 0.4896, acc: 0.8640, AUC: 0.9167
Epoch 257/300
  Train loss: 0.2515, acc: 0.9723
  Val   loss: 0.4850, acc: 0.8608, AUC: 0.9224
Epoch 258/300
  Train loss: 0.2481, acc: 0.9736
  Val   loss: 0.4827, acc: 0.8736, AUC: 0.9318
Epoch 259/300
  Train loss: 0.2454, acc: 0.9757
  Val   loss: 0.4847, acc: 0.8640, AUC: 0.9316
Epoch 260/300
  Train loss: 0.2556, acc: 0.9653
  Val   loss: 0.4542, acc: 0.8848, AUC: 0.9358
Epoch 261/300
  Train loss: 0.2445, acc: 0.9752
  Val   loss: 0.4910, acc: 0.8624, AUC: 0.9253
Epoch 262/300
  Train loss: 0.2435, acc: 0.9765
  Val   loss: 0.4711, acc: 0.8672, AUC: 0.9311
Epoch 263/300
  Train loss: 0.2443, acc: 0.9776
  Val   loss: 0.5027, acc: 0.8528, AUC: 0.9178
Epoch 264/300
  Train loss: 0.2518, acc: 0.9707
  Val   loss: 0.4866, acc: 0.8608, AUC: 0.9266
Epoch 265/300
  Train loss: 0.2474, acc: 0.9741
  Val   loss: 0.4934, acc: 0.8640, AUC: 0.9220
Epoch 266/300
  Train loss: 0.2483, acc: 0.9781
  Val   loss: 0.5079, acc: 0.8592, AUC: 0.9250
Epoch 267/300
  Train loss: 0.2462, acc: 0.9749
  Val   loss: 0.4810, acc: 0.8736, AUC: 0.9283
Epoch 268/300
  Train loss: 0.2637, acc: 0.9645
  Val   loss: 0.4715, acc: 0.8576, AUC: 0.9305
Epoch 269/300
  Train loss: 0.2520, acc: 0.9717
  Val   loss: 0.4794, acc: 0.8608, AUC: 0.9320
Epoch 270/300
  Train loss: 0.2490, acc: 0.9720
  Val   loss: 0.4558, acc: 0.8672, AUC: 0.9355
Epoch 271/300
  Train loss: 0.2475, acc: 0.9749
  Val   loss: 0.4370, acc: 0.8800, AUC: 0.9443
Epoch 272/300
  Train loss: 0.2438, acc: 0.9773
  Val   loss: 0.4768, acc: 0.8592, AUC: 0.9356
Epoch 273/300
  Train loss: 0.2424, acc: 0.9771
  Val   loss: 0.4553, acc: 0.8688, AUC: 0.9319
Epoch 274/300
  Train loss: 0.2488, acc: 0.9728
  Val   loss: 0.4642, acc: 0.8752, AUC: 0.9287
Epoch 275/300
  Train loss: 0.2418, acc: 0.9784
  Val   loss: 0.4625, acc: 0.8704, AUC: 0.9340
Epoch 276/300
  Train loss: 0.2459, acc: 0.9763
  Val   loss: 0.4911, acc: 0.8528, AUC: 0.9351
Epoch 277/300
  Train loss: 0.2449, acc: 0.9760
  Val   loss: 0.4509, acc: 0.8688, AUC: 0.9347
Epoch 278/300
  Train loss: 0.2523, acc: 0.9749
  Val   loss: 0.4939, acc: 0.8656, AUC: 0.9375
Epoch 279/300
  Train loss: 0.2452, acc: 0.9776
  Val   loss: 0.4666, acc: 0.8752, AUC: 0.9345
Epoch 280/300
  Train loss: 0.2410, acc: 0.9787
  Val   loss: 0.4607, acc: 0.8752, AUC: 0.9350
Epoch 281/300
  Train loss: 0.2461, acc: 0.9760
  Val   loss: 0.4614, acc: 0.8784, AUC: 0.9373
Epoch 282/300
  Train loss: 0.2471, acc: 0.9733
  Val   loss: 0.4571, acc: 0.8752, AUC: 0.9349
Epoch 283/300
  Train loss: 0.2496, acc: 0.9739
  Val   loss: 0.4648, acc: 0.8720, AUC: 0.9300
Epoch 284/300
  Train loss: 0.2414, acc: 0.9789
  Val   loss: 0.4630, acc: 0.8720, AUC: 0.9316
Epoch 285/300
  Train loss: 0.2395, acc: 0.9787
  Val   loss: 0.4960, acc: 0.8656, AUC: 0.9249
Epoch 286/300
  Train loss: 0.2446, acc: 0.9781
  Val   loss: 0.4632, acc: 0.8752, AUC: 0.9306
Epoch 287/300
  Train loss: 0.2541, acc: 0.9707
  Val   loss: 0.4765, acc: 0.8592, AUC: 0.9275
Epoch 288/300
  Train loss: 0.2440, acc: 0.9768
  Val   loss: 0.4889, acc: 0.8608, AUC: 0.9263
Epoch 289/300
  Train loss: 0.2438, acc: 0.9795
  Val   loss: 0.4834, acc: 0.8720, AUC: 0.9304
Epoch 290/300
  Train loss: 0.2485, acc: 0.9763
  Val   loss: 0.4564, acc: 0.8816, AUC: 0.9331
Epoch 291/300
  Train loss: 0.2465, acc: 0.9757
  Val   loss: 0.4760, acc: 0.8624, AUC: 0.9269
Epoch 292/300
  Train loss: 0.2389, acc: 0.9792
  Val   loss: 0.4757, acc: 0.8640, AUC: 0.9278
Epoch 293/300
  Train loss: 0.2419, acc: 0.9781
  Val   loss: 0.4857, acc: 0.8624, AUC: 0.9317
Epoch 294/300
  Train loss: 0.2459, acc: 0.9736
  Val   loss: 0.4765, acc: 0.8560, AUC: 0.9293
Epoch 295/300
  Train loss: 0.2427, acc: 0.9784
  Val   loss: 0.4979, acc: 0.8464, AUC: 0.9241
Epoch 296/300
  Train loss: 0.2424, acc: 0.9784
  Val   loss: 0.4779, acc: 0.8608, AUC: 0.9341
Epoch 297/300
  Train loss: 0.2367, acc: 0.9819
  Val   loss: 0.4802, acc: 0.8736, AUC: 0.9332
Epoch 298/300
  Train loss: 0.2398, acc: 0.9797
  Val   loss: 0.4841, acc: 0.8640, AUC: 0.9281
Epoch 299/300
  Train loss: 0.2414, acc: 0.9771
  Val   loss: 0.4707, acc: 0.8752, AUC: 0.9358
Epoch 300/300
  Train loss: 0.2415, acc: 0.9795
/root/autodl-tmp/wjx_project/classcify-gw-lensing-pairs-main/SEMD-LensedGW-main/main.py:90: FutureWarning: You are using `torch.load` with `weights_only=False` (the current default value), which uses the default pickle module implicitly. It is possible to construct malicious pickle data which will execute arbitrary code during unpickling (See https://github.com/pytorch/pytorch/blob/main/SECURITY.md#untrusted-models for more details). In a future release, the default value for `weights_only` will be flipped to `True`. This limits the functions that could be executed during unpickling. Arbitrary objects will no longer be allowed to be loaded via this mode unless they are explicitly allowlisted by the user via `torch.serialization.add_safe_globals`. We recommend you start setting `weights_only=True` for any use case where you don't have full control of the loaded file. Please open an issue on GitHub for any issues related to this experimental feature.
  model.load_state_dict(torch.load(best_model_path, map_location=device))
  Val   loss: 0.4785, acc: 0.8608, AUC: 0.9236

Training complete. Best val AUC: 0.9551

Best model saved at: checkpoints/PM_noisy_cqt_model.pth
Loaded best model for evaluation. Evaluating on test set...
Test Accuracy: 0.8720
Lensed predictions saved to   output_PM_noisy_cqt_model_res/lensed_results.txt
Unlensed predictions saved to output_PM_noisy_cqt_model_res/unlensed_results.txt
Confusion matrix saved to output_PM_noisy_cqt_model_res/confusion_matrix.png
Smoothed ROC data saved to output_PM_noisy_cqt_model_res/roc_data.txt
Zoomed ROC curve saved to output_PM_noisy_cqt_model_res/roc_curve_zoom.png
