============================================================
🚀 Auto-generated model name: PM_noisy_cqt_model
============================================================
Using device: cuda
Epoch 1/300
  Train loss: 0.6832, acc: 0.5797
  Val   loss: 0.6732, acc: 0.5824, AUC: 0.6837
  [Saved Best] checkpoints/PM_noisy_cqt_model.pth
Epoch 2/300
  Train loss: 0.6534, acc: 0.6424
  Val   loss: 0.6426, acc: 0.6576, AUC: 0.7290
  [Saved Best] checkpoints/PM_noisy_cqt_model.pth
Epoch 3/300
  Train loss: 0.6474, acc: 0.6384
  Val   loss: 0.6156, acc: 0.6752, AUC: 0.7671
  [Saved Best] checkpoints/PM_noisy_cqt_model.pth
Epoch 4/300
  Train loss: 0.5909, acc: 0.7187
  Val   loss: 0.5557, acc: 0.7568, AUC: 0.8538
  [Saved Best] checkpoints/PM_noisy_cqt_model.pth
Epoch 5/300
  Train loss: 0.5528, acc: 0.7624
  Val   loss: 0.5501, acc: 0.7648, AUC: 0.8793
  [Saved Best] checkpoints/PM_noisy_cqt_model.pth
Epoch 6/300
  Train loss: 0.5239, acc: 0.7824
  Val   loss: 0.4956, acc: 0.8160, AUC: 0.8956
  [Saved Best] checkpoints/PM_noisy_cqt_model.pth
Epoch 7/300
  Train loss: 0.5125, acc: 0.7955
  Val   loss: 0.5403, acc: 0.7728, AUC: 0.8929
Epoch 8/300
  Train loss: 0.5033, acc: 0.7957
  Val   loss: 0.4680, acc: 0.8288, AUC: 0.9037
  [Saved Best] checkpoints/PM_noisy_cqt_model.pth
Epoch 9/300
  Train loss: 0.4823, acc: 0.8123
  Val   loss: 0.4522, acc: 0.8432, AUC: 0.9115
  [Saved Best] checkpoints/PM_noisy_cqt_model.pth
Epoch 10/300
  Train loss: 0.4740, acc: 0.8283
  Val   loss: 0.4500, acc: 0.8304, AUC: 0.9159
  [Saved Best] checkpoints/PM_noisy_cqt_model.pth
Epoch 11/300
  Train loss: 0.4760, acc: 0.8173
  Val   loss: 0.4571, acc: 0.8128, AUC: 0.9157
Epoch 12/300
  Train loss: 0.4674, acc: 0.8291
  Val   loss: 0.4447, acc: 0.8352, AUC: 0.9195
  [Saved Best] checkpoints/PM_noisy_cqt_model.pth
Epoch 13/300
  Train loss: 0.4579, acc: 0.8275
  Val   loss: 0.4303, acc: 0.8528, AUC: 0.9232
  [Saved Best] checkpoints/PM_noisy_cqt_model.pth
Epoch 14/300
  Train loss: 0.4511, acc: 0.8400
  Val   loss: 0.4496, acc: 0.8352, AUC: 0.9145
Epoch 15/300
  Train loss: 0.4554, acc: 0.8397
  Val   loss: 0.4337, acc: 0.8448, AUC: 0.9243
  [Saved Best] checkpoints/PM_noisy_cqt_model.pth
Epoch 16/300
  Train loss: 0.4453, acc: 0.8403
  Val   loss: 0.4951, acc: 0.8032, AUC: 0.9200
Epoch 17/300
  Train loss: 0.4394, acc: 0.8445
  Val   loss: 0.4914, acc: 0.8144, AUC: 0.9227
Epoch 18/300
  Train loss: 0.4449, acc: 0.8397
  Val   loss: 0.4268, acc: 0.8656, AUC: 0.9346
  [Saved Best] checkpoints/PM_noisy_cqt_model.pth
Epoch 19/300
  Train loss: 0.4332, acc: 0.8453
  Val   loss: 0.4279, acc: 0.8480, AUC: 0.9275
Epoch 20/300
  Train loss: 0.4268, acc: 0.8539
  Val   loss: 0.4221, acc: 0.8608, AUC: 0.9350
  [Saved Best] checkpoints/PM_noisy_cqt_model.pth
Epoch 21/300
  Train loss: 0.4322, acc: 0.8485
  Val   loss: 0.4253, acc: 0.8576, AUC: 0.9328
Epoch 22/300
  Train loss: 0.4224, acc: 0.8579
  Val   loss: 0.4124, acc: 0.8656, AUC: 0.9397
  [Saved Best] checkpoints/PM_noisy_cqt_model.pth
Epoch 23/300
  Train loss: 0.4265, acc: 0.8525
  Val   loss: 0.4101, acc: 0.8704, AUC: 0.9399
  [Saved Best] checkpoints/PM_noisy_cqt_model.pth
Epoch 24/300
  Train loss: 0.4074, acc: 0.8608
  Val   loss: 0.4236, acc: 0.8544, AUC: 0.9340
Epoch 25/300
  Train loss: 0.4124, acc: 0.8677
  Val   loss: 0.4134, acc: 0.8496, AUC: 0.9367
Epoch 26/300
  Train loss: 0.4065, acc: 0.8656
  Val   loss: 0.4150, acc: 0.8672, AUC: 0.9401
  [Saved Best] checkpoints/PM_noisy_cqt_model.pth
Epoch 27/300
  Train loss: 0.4091, acc: 0.8651
  Val   loss: 0.4168, acc: 0.8560, AUC: 0.9382
Epoch 28/300
  Train loss: 0.4082, acc: 0.8640
  Val   loss: 0.4016, acc: 0.8688, AUC: 0.9432
  [Saved Best] checkpoints/PM_noisy_cqt_model.pth
Epoch 29/300
  Train loss: 0.4085, acc: 0.8680
  Val   loss: 0.3941, acc: 0.8832, AUC: 0.9475
  [Saved Best] checkpoints/PM_noisy_cqt_model.pth
Epoch 30/300
  Train loss: 0.4118, acc: 0.8629
  Val   loss: 0.4055, acc: 0.8768, AUC: 0.9441
Epoch 31/300
  Train loss: 0.3973, acc: 0.8685
  Val   loss: 0.4073, acc: 0.8624, AUC: 0.9411
Epoch 32/300
  Train loss: 0.3997, acc: 0.8773
  Val   loss: 0.4207, acc: 0.8608, AUC: 0.9361
Epoch 33/300
  Train loss: 0.3957, acc: 0.8739
  Val   loss: 0.4109, acc: 0.8624, AUC: 0.9444
Epoch 34/300
  Train loss: 0.4005, acc: 0.8760
  Val   loss: 0.3970, acc: 0.8688, AUC: 0.9462
Epoch 35/300
  Train loss: 0.3935, acc: 0.8757
  Val   loss: 0.4018, acc: 0.8640, AUC: 0.9458
Epoch 36/300
  Train loss: 0.3786, acc: 0.8872
  Val   loss: 0.4065, acc: 0.8768, AUC: 0.9502
  [Saved Best] checkpoints/PM_noisy_cqt_model.pth
Epoch 37/300
  Train loss: 0.3899, acc: 0.8808
  Val   loss: 0.4065, acc: 0.8544, AUC: 0.9519
  [Saved Best] checkpoints/PM_noisy_cqt_model.pth
Epoch 38/300
  Train loss: 0.3832, acc: 0.8848
  Val   loss: 0.3934, acc: 0.8800, AUC: 0.9505
Epoch 39/300
  Train loss: 0.3875, acc: 0.8800
  Val   loss: 0.3946, acc: 0.8784, AUC: 0.9537
  [Saved Best] checkpoints/PM_noisy_cqt_model.pth
Epoch 40/300
  Train loss: 0.3787, acc: 0.8835
  Val   loss: 0.3945, acc: 0.8672, AUC: 0.9465
Epoch 41/300
  Train loss: 0.3834, acc: 0.8864
  Val   loss: 0.4061, acc: 0.8784, AUC: 0.9448
Epoch 42/300
  Train loss: 0.3734, acc: 0.8885
  Val   loss: 0.3933, acc: 0.8688, AUC: 0.9464
Epoch 43/300
  Train loss: 0.3742, acc: 0.8915
  Val   loss: 0.4102, acc: 0.8656, AUC: 0.9466
Epoch 44/300
  Train loss: 0.3694, acc: 0.8923
  Val   loss: 0.3835, acc: 0.8768, AUC: 0.9515
Epoch 45/300
  Train loss: 0.3793, acc: 0.8848
  Val   loss: 0.4139, acc: 0.8576, AUC: 0.9396
Epoch 46/300
  Train loss: 0.3717, acc: 0.8896
  Val   loss: 0.3901, acc: 0.8736, AUC: 0.9546
  [Saved Best] checkpoints/PM_noisy_cqt_model.pth
Epoch 47/300
  Train loss: 0.3675, acc: 0.8936
  Val   loss: 0.3973, acc: 0.8672, AUC: 0.9452
Epoch 48/300
  Train loss: 0.3755, acc: 0.8888
  Val   loss: 0.3928, acc: 0.8768, AUC: 0.9518
Epoch 49/300
  Train loss: 0.3646, acc: 0.8965
  Val   loss: 0.3863, acc: 0.8784, AUC: 0.9546
Epoch 50/300
  Train loss: 0.3612, acc: 0.8971
  Val   loss: 0.3910, acc: 0.8752, AUC: 0.9517
Epoch 51/300
  Train loss: 0.3665, acc: 0.8901
  Val   loss: 0.4130, acc: 0.8512, AUC: 0.9414
Epoch 52/300
  Train loss: 0.3657, acc: 0.8939
  Val   loss: 0.3961, acc: 0.8656, AUC: 0.9471
Epoch 53/300
  Train loss: 0.3578, acc: 0.9000
  Val   loss: 0.3921, acc: 0.8688, AUC: 0.9515
Epoch 54/300
  Train loss: 0.3698, acc: 0.8920
  Val   loss: 0.4073, acc: 0.8672, AUC: 0.9459
Epoch 55/300
  Train loss: 0.3563, acc: 0.8992
  Val   loss: 0.3792, acc: 0.8848, AUC: 0.9567
  [Saved Best] checkpoints/PM_noisy_cqt_model.pth
Epoch 56/300
  Train loss: 0.3479, acc: 0.9061
  Val   loss: 0.3902, acc: 0.8720, AUC: 0.9495
Epoch 57/300
  Train loss: 0.3522, acc: 0.9011
  Val   loss: 0.3983, acc: 0.8656, AUC: 0.9471
Epoch 58/300
  Train loss: 0.3484, acc: 0.9053
  Val   loss: 0.4066, acc: 0.8704, AUC: 0.9512
Epoch 59/300
  Train loss: 0.3576, acc: 0.9035
  Val   loss: 0.3984, acc: 0.8752, AUC: 0.9528
Epoch 60/300
  Train loss: 0.3512, acc: 0.9080
  Val   loss: 0.4027, acc: 0.8704, AUC: 0.9470
Epoch 61/300
  Train loss: 0.3442, acc: 0.9104
  Val   loss: 0.4016, acc: 0.8752, AUC: 0.9519
Epoch 62/300
  Train loss: 0.3490, acc: 0.9056
  Val   loss: 0.3982, acc: 0.8736, AUC: 0.9478
Epoch 63/300
  Train loss: 0.3447, acc: 0.9115
  Val   loss: 0.4022, acc: 0.8736, AUC: 0.9473
Epoch 64/300
  Train loss: 0.3350, acc: 0.9187
  Val   loss: 0.4119, acc: 0.8720, AUC: 0.9518
Epoch 65/300
  Train loss: 0.3497, acc: 0.9059
  Val   loss: 0.3971, acc: 0.8704, AUC: 0.9477
Epoch 66/300
  Train loss: 0.3410, acc: 0.9141
  Val   loss: 0.3972, acc: 0.8768, AUC: 0.9499
Epoch 67/300
  Train loss: 0.3395, acc: 0.9165
  Val   loss: 0.3881, acc: 0.8800, AUC: 0.9539
Epoch 68/300
  Train loss: 0.3321, acc: 0.9181
  Val   loss: 0.4263, acc: 0.8560, AUC: 0.9468
Epoch 69/300
  Train loss: 0.3347, acc: 0.9195
  Val   loss: 0.3884, acc: 0.8784, AUC: 0.9539
Epoch 70/300
  Train loss: 0.3291, acc: 0.9227
  Val   loss: 0.4074, acc: 0.8624, AUC: 0.9444
Epoch 71/300
  Train loss: 0.3280, acc: 0.9229
  Val   loss: 0.4126, acc: 0.8704, AUC: 0.9517
Epoch 72/300
  Train loss: 0.3342, acc: 0.9163
  Val   loss: 0.4283, acc: 0.8640, AUC: 0.9476
Epoch 73/300
  Train loss: 0.3287, acc: 0.9189
  Val   loss: 0.4271, acc: 0.8432, AUC: 0.9422
Epoch 74/300
  Train loss: 0.3266, acc: 0.9211
  Val   loss: 0.3921, acc: 0.8672, AUC: 0.9562
Epoch 75/300
  Train loss: 0.3235, acc: 0.9248
  Val   loss: 0.3987, acc: 0.8736, AUC: 0.9477
Epoch 76/300
  Train loss: 0.3281, acc: 0.9232
  Val   loss: 0.3982, acc: 0.8752, AUC: 0.9481
Epoch 77/300
  Train loss: 0.3212, acc: 0.9237
  Val   loss: 0.4034, acc: 0.8752, AUC: 0.9526
Epoch 78/300
  Train loss: 0.3222, acc: 0.9275
  Val   loss: 0.3975, acc: 0.8848, AUC: 0.9523
Epoch 79/300
  Train loss: 0.3197, acc: 0.9256
  Val   loss: 0.4085, acc: 0.8784, AUC: 0.9554
Epoch 80/300
  Train loss: 0.3165, acc: 0.9291
  Val   loss: 0.3993, acc: 0.8752, AUC: 0.9513
Epoch 81/300
  Train loss: 0.3144, acc: 0.9331
  Val   loss: 0.4196, acc: 0.8608, AUC: 0.9454
Epoch 82/300
  Train loss: 0.3175, acc: 0.9267
  Val   loss: 0.4002, acc: 0.8672, AUC: 0.9504
Epoch 83/300
  Train loss: 0.3116, acc: 0.9349
  Val   loss: 0.3901, acc: 0.8896, AUC: 0.9548
Epoch 84/300
  Train loss: 0.3163, acc: 0.9256
  Val   loss: 0.4116, acc: 0.8592, AUC: 0.9466
Epoch 85/300
  Train loss: 0.3119, acc: 0.9371
  Val   loss: 0.3969, acc: 0.8816, AUC: 0.9542
Epoch 86/300
  Train loss: 0.3030, acc: 0.9395
  Val   loss: 0.4012, acc: 0.8784, AUC: 0.9548
Epoch 87/300
  Train loss: 0.3040, acc: 0.9376
  Val   loss: 0.4059, acc: 0.8784, AUC: 0.9530
Epoch 88/300
  Train loss: 0.3071, acc: 0.9384
  Val   loss: 0.4023, acc: 0.8736, AUC: 0.9516
Epoch 89/300
  Train loss: 0.3209, acc: 0.9307
  Val   loss: 0.3960, acc: 0.8736, AUC: 0.9543
Epoch 90/300
  Train loss: 0.3118, acc: 0.9301
  Val   loss: 0.4159, acc: 0.8608, AUC: 0.9457
Epoch 91/300
  Train loss: 0.3067, acc: 0.9365
  Val   loss: 0.4045, acc: 0.8688, AUC: 0.9537
Epoch 92/300
  Train loss: 0.3083, acc: 0.9336
  Val   loss: 0.4165, acc: 0.8560, AUC: 0.9455
Epoch 93/300
  Train loss: 0.2946, acc: 0.9421
  Val   loss: 0.4329, acc: 0.8672, AUC: 0.9444
Epoch 94/300
  Train loss: 0.2953, acc: 0.9456
  Val   loss: 0.4169, acc: 0.8752, AUC: 0.9487
Epoch 95/300
  Train loss: 0.2973, acc: 0.9448
  Val   loss: 0.4268, acc: 0.8704, AUC: 0.9450
Epoch 96/300
  Train loss: 0.2995, acc: 0.9392
  Val   loss: 0.4204, acc: 0.8720, AUC: 0.9463
Epoch 97/300
  Train loss: 0.2961, acc: 0.9419
  Val   loss: 0.4131, acc: 0.8704, AUC: 0.9503
Epoch 98/300
  Train loss: 0.2971, acc: 0.9453
  Val   loss: 0.4267, acc: 0.8688, AUC: 0.9503
Epoch 99/300
  Train loss: 0.3011, acc: 0.9408
  Val   loss: 0.4222, acc: 0.8656, AUC: 0.9497
Epoch 100/300
  Train loss: 0.2928, acc: 0.9467
  Val   loss: 0.4413, acc: 0.8672, AUC: 0.9465
Epoch 101/300
  Train loss: 0.3065, acc: 0.9392
  Val   loss: 0.4354, acc: 0.8672, AUC: 0.9430
Epoch 102/300
  Train loss: 0.2820, acc: 0.9515
  Val   loss: 0.4206, acc: 0.8672, AUC: 0.9510
Epoch 103/300
  Train loss: 0.2841, acc: 0.9501
  Val   loss: 0.4328, acc: 0.8576, AUC: 0.9499
Epoch 104/300
  Train loss: 0.2885, acc: 0.9504
  Val   loss: 0.4730, acc: 0.8544, AUC: 0.9389
Epoch 105/300
  Train loss: 0.2879, acc: 0.9485
  Val   loss: 0.4783, acc: 0.8592, AUC: 0.9405
Epoch 106/300
  Train loss: 0.2910, acc: 0.9467
  Val   loss: 0.4448, acc: 0.8608, AUC: 0.9416
Epoch 107/300
  Train loss: 0.2860, acc: 0.9459
  Val   loss: 0.4562, acc: 0.8528, AUC: 0.9424
Epoch 108/300
  Train loss: 0.2983, acc: 0.9416
  Val   loss: 0.4422, acc: 0.8592, AUC: 0.9432
Epoch 109/300
  Train loss: 0.2822, acc: 0.9528
  Val   loss: 0.4383, acc: 0.8624, AUC: 0.9501
Epoch 110/300
  Train loss: 0.2754, acc: 0.9552
  Val   loss: 0.4651, acc: 0.8560, AUC: 0.9444
Epoch 111/300
  Train loss: 0.2735, acc: 0.9592
  Val   loss: 0.4302, acc: 0.8832, AUC: 0.9520
Epoch 112/300
  Train loss: 0.2796, acc: 0.9544
  Val   loss: 0.4422, acc: 0.8720, AUC: 0.9333
Epoch 113/300
  Train loss: 0.2922, acc: 0.9469
  Val   loss: 0.4201, acc: 0.8656, AUC: 0.9432
Epoch 114/300
  Train loss: 0.2707, acc: 0.9603
  Val   loss: 0.4372, acc: 0.8624, AUC: 0.9378
Epoch 115/300
  Train loss: 0.2789, acc: 0.9528
  Val   loss: 0.4170, acc: 0.8816, AUC: 0.9486
Epoch 116/300
  Train loss: 0.2815, acc: 0.9512
  Val   loss: 0.4343, acc: 0.8688, AUC: 0.9481
Epoch 117/300
  Train loss: 0.2781, acc: 0.9555
  Val   loss: 0.4168, acc: 0.8704, AUC: 0.9469
Epoch 118/300
  Train loss: 0.2758, acc: 0.9584
  Val   loss: 0.4654, acc: 0.8512, AUC: 0.9392
Epoch 119/300
  Train loss: 0.2744, acc: 0.9597
  Val   loss: 0.4465, acc: 0.8704, AUC: 0.9513
Epoch 120/300
  Train loss: 0.2733, acc: 0.9592
  Val   loss: 0.4509, acc: 0.8592, AUC: 0.9375
Epoch 121/300
  Train loss: 0.2677, acc: 0.9635
  Val   loss: 0.4627, acc: 0.8736, AUC: 0.9427
Epoch 122/300
  Train loss: 0.2763, acc: 0.9611
  Val   loss: 0.4467, acc: 0.8704, AUC: 0.9400
Epoch 123/300
  Train loss: 0.2679, acc: 0.9629
  Val   loss: 0.4458, acc: 0.8688, AUC: 0.9428
Epoch 124/300
  Train loss: 0.2696, acc: 0.9611
  Val   loss: 0.4824, acc: 0.8512, AUC: 0.9265
Epoch 125/300
  Train loss: 0.2708, acc: 0.9613
  Val   loss: 0.4636, acc: 0.8544, AUC: 0.9370
Epoch 126/300
  Train loss: 0.2730, acc: 0.9589
  Val   loss: 0.4616, acc: 0.8496, AUC: 0.9328
Epoch 127/300
  Train loss: 0.2647, acc: 0.9629
  Val   loss: 0.4487, acc: 0.8656, AUC: 0.9426
Epoch 128/300
  Train loss: 0.2649, acc: 0.9635
  Val   loss: 0.4604, acc: 0.8624, AUC: 0.9455
Epoch 129/300
  Train loss: 0.2696, acc: 0.9627
  Val   loss: 0.4766, acc: 0.8560, AUC: 0.9452
Epoch 130/300
  Train loss: 0.2616, acc: 0.9648
  Val   loss: 0.4649, acc: 0.8544, AUC: 0.9393
Epoch 131/300
  Train loss: 0.2595, acc: 0.9669
  Val   loss: 0.4440, acc: 0.8704, AUC: 0.9394
Epoch 132/300
  Train loss: 0.2688, acc: 0.9632
  Val   loss: 0.4613, acc: 0.8496, AUC: 0.9363
Epoch 133/300
  Train loss: 0.2696, acc: 0.9621
  Val   loss: 0.4396, acc: 0.8624, AUC: 0.9459
Epoch 134/300
  Train loss: 0.2692, acc: 0.9595
  Val   loss: 0.4634, acc: 0.8624, AUC: 0.9392
Epoch 135/300
  Train loss: 0.2587, acc: 0.9704
  Val   loss: 0.4814, acc: 0.8512, AUC: 0.9362
Epoch 136/300
  Train loss: 0.2660, acc: 0.9608
  Val   loss: 0.4320, acc: 0.8736, AUC: 0.9438
Epoch 137/300
  Train loss: 0.2598, acc: 0.9664
  Val   loss: 0.4358, acc: 0.8640, AUC: 0.9516
Epoch 138/300
  Train loss: 0.2631, acc: 0.9651
  Val   loss: 0.4707, acc: 0.8608, AUC: 0.9332
Epoch 139/300
  Train loss: 0.2626, acc: 0.9656
  Val   loss: 0.4590, acc: 0.8656, AUC: 0.9380
Epoch 140/300
  Train loss: 0.2588, acc: 0.9680
  Val   loss: 0.4566, acc: 0.8624, AUC: 0.9380
Epoch 141/300
  Train loss: 0.2588, acc: 0.9701
  Val   loss: 0.4707, acc: 0.8656, AUC: 0.9371
Epoch 142/300
  Train loss: 0.2630, acc: 0.9648
  Val   loss: 0.4668, acc: 0.8576, AUC: 0.9336
Epoch 143/300
  Train loss: 0.2547, acc: 0.9715
  Val   loss: 0.4700, acc: 0.8624, AUC: 0.9435
Epoch 144/300
  Train loss: 0.2601, acc: 0.9659
  Val   loss: 0.4508, acc: 0.8608, AUC: 0.9451
Epoch 145/300
  Train loss: 0.2584, acc: 0.9669
  Val   loss: 0.4691, acc: 0.8576, AUC: 0.9427
Epoch 146/300
  Train loss: 0.2552, acc: 0.9723
  Val   loss: 0.4670, acc: 0.8640, AUC: 0.9307
Epoch 147/300
  Train loss: 0.2510, acc: 0.9728
  Val   loss: 0.4849, acc: 0.8480, AUC: 0.9282
Epoch 148/300
  Train loss: 0.2669, acc: 0.9635
  Val   loss: 0.4461, acc: 0.8784, AUC: 0.9387
Epoch 149/300
  Train loss: 0.2430, acc: 0.9757
  Val   loss: 0.4555, acc: 0.8720, AUC: 0.9384
Epoch 150/300
  Train loss: 0.2588, acc: 0.9653
  Val   loss: 0.4359, acc: 0.8688, AUC: 0.9416
Epoch 151/300
  Train loss: 0.2498, acc: 0.9755
  Val   loss: 0.4734, acc: 0.8576, AUC: 0.9341
Epoch 152/300
  Train loss: 0.2511, acc: 0.9741
  Val   loss: 0.4683, acc: 0.8672, AUC: 0.9393
Epoch 153/300
  Train loss: 0.2505, acc: 0.9744
  Val   loss: 0.4667, acc: 0.8624, AUC: 0.9332
Epoch 154/300
  Train loss: 0.2512, acc: 0.9707
  Val   loss: 0.4784, acc: 0.8640, AUC: 0.9267
Epoch 155/300
  Train loss: 0.2557, acc: 0.9707
  Val   loss: 0.4832, acc: 0.8656, AUC: 0.9348
Epoch 156/300
  Train loss: 0.2535, acc: 0.9709
  Val   loss: 0.4845, acc: 0.8624, AUC: 0.9327
Epoch 157/300
  Train loss: 0.2690, acc: 0.9645
  Val   loss: 0.4777, acc: 0.8592, AUC: 0.9365
Epoch 158/300
  Train loss: 0.2520, acc: 0.9704
  Val   loss: 0.4664, acc: 0.8528, AUC: 0.9394
Epoch 159/300
  Train loss: 0.2472, acc: 0.9755
  Val   loss: 0.4902, acc: 0.8560, AUC: 0.9275
Epoch 160/300
  Train loss: 0.2542, acc: 0.9707
  Val   loss: 0.4811, acc: 0.8624, AUC: 0.9332
Epoch 161/300
  Train loss: 0.2487, acc: 0.9733
  Val   loss: 0.4620, acc: 0.8624, AUC: 0.9349
Epoch 162/300
  Train loss: 0.2488, acc: 0.9749
  Val   loss: 0.4523, acc: 0.8672, AUC: 0.9360
Epoch 163/300
  Train loss: 0.2578, acc: 0.9672
  Val   loss: 0.4571, acc: 0.8656, AUC: 0.9390
Epoch 164/300
  Train loss: 0.2477, acc: 0.9757
  Val   loss: 0.4818, acc: 0.8576, AUC: 0.9289
Epoch 165/300
  Train loss: 0.2544, acc: 0.9664
  Val   loss: 0.4949, acc: 0.8576, AUC: 0.9235
Epoch 166/300
  Train loss: 0.2565, acc: 0.9696
  Val   loss: 0.4825, acc: 0.8624, AUC: 0.9327
Epoch 167/300
  Train loss: 0.2489, acc: 0.9763
  Val   loss: 0.4586, acc: 0.8608, AUC: 0.9393
Epoch 168/300
  Train loss: 0.2513, acc: 0.9733
  Val   loss: 0.4743, acc: 0.8544, AUC: 0.9319
Epoch 169/300
  Train loss: 0.2462, acc: 0.9776
  Val   loss: 0.4738, acc: 0.8656, AUC: 0.9372
Epoch 170/300
  Train loss: 0.2464, acc: 0.9763
  Val   loss: 0.4789, acc: 0.8592, AUC: 0.9261
Epoch 171/300
  Train loss: 0.2500, acc: 0.9725
  Val   loss: 0.4751, acc: 0.8608, AUC: 0.9313
Epoch 172/300
  Train loss: 0.2531, acc: 0.9707
  Val   loss: 0.4797, acc: 0.8544, AUC: 0.9241
Epoch 173/300
  Train loss: 0.2512, acc: 0.9723
  Val   loss: 0.4662, acc: 0.8624, AUC: 0.9369
Epoch 174/300
  Train loss: 0.2416, acc: 0.9795
  Val   loss: 0.4728, acc: 0.8544, AUC: 0.9380
Epoch 175/300
  Train loss: 0.2461, acc: 0.9749
  Val   loss: 0.4667, acc: 0.8720, AUC: 0.9376
Epoch 176/300
  Train loss: 0.2563, acc: 0.9667
  Val   loss: 0.4490, acc: 0.8704, AUC: 0.9348
Epoch 177/300
  Train loss: 0.2451, acc: 0.9763
  Val   loss: 0.4620, acc: 0.8576, AUC: 0.9426
Epoch 178/300
  Train loss: 0.2486, acc: 0.9728
  Val   loss: 0.4608, acc: 0.8640, AUC: 0.9343
Epoch 179/300
  Train loss: 0.2465, acc: 0.9765
  Val   loss: 0.4608, acc: 0.8704, AUC: 0.9321
Epoch 180/300
  Train loss: 0.2564, acc: 0.9701
  Val   loss: 0.4667, acc: 0.8640, AUC: 0.9340
Epoch 181/300
  Train loss: 0.2464, acc: 0.9747
  Val   loss: 0.4793, acc: 0.8544, AUC: 0.9334
Epoch 182/300
  Train loss: 0.2421, acc: 0.9765
  Val   loss: 0.4580, acc: 0.8752, AUC: 0.9327
Epoch 183/300
  Train loss: 0.2441, acc: 0.9776
  Val   loss: 0.4779, acc: 0.8640, AUC: 0.9267
Epoch 184/300
  Train loss: 0.2404, acc: 0.9811
  Val   loss: 0.4758, acc: 0.8656, AUC: 0.9333
Epoch 185/300
  Train loss: 0.2433, acc: 0.9763
  Val   loss: 0.4790, acc: 0.8512, AUC: 0.9178
Epoch 186/300
  Train loss: 0.2491, acc: 0.9733
  Val   loss: 0.4486, acc: 0.8688, AUC: 0.9449
Epoch 187/300
  Train loss: 0.2440, acc: 0.9765
  Val   loss: 0.4905, acc: 0.8432, AUC: 0.9336
Epoch 188/300
  Train loss: 0.2420, acc: 0.9760
  Val   loss: 0.4591, acc: 0.8736, AUC: 0.9418
Epoch 189/300
  Train loss: 0.2478, acc: 0.9755
  Val   loss: 0.4409, acc: 0.8656, AUC: 0.9472
Epoch 190/300
  Train loss: 0.2423, acc: 0.9789
  Val   loss: 0.4499, acc: 0.8608, AUC: 0.9408
Epoch 191/300
  Train loss: 0.2413, acc: 0.9795
  Val   loss: 0.4606, acc: 0.8688, AUC: 0.9450
Epoch 192/300
  Train loss: 0.2440, acc: 0.9763
  Val   loss: 0.4462, acc: 0.8800, AUC: 0.9352
Epoch 193/300
  Train loss: 0.2351, acc: 0.9803
  Val   loss: 0.5012, acc: 0.8704, AUC: 0.9362
Epoch 194/300
  Train loss: 0.2525, acc: 0.9699
  Val   loss: 0.4879, acc: 0.8736, AUC: 0.9348
Epoch 195/300
  Train loss: 0.2392, acc: 0.9771
  Val   loss: 0.4638, acc: 0.8736, AUC: 0.9360
Epoch 196/300
  Train loss: 0.2415, acc: 0.9781
  Val   loss: 0.4793, acc: 0.8576, AUC: 0.9285
Epoch 197/300
  Train loss: 0.2476, acc: 0.9747
  Val   loss: 0.4598, acc: 0.8704, AUC: 0.9397
Epoch 198/300
  Train loss: 0.2479, acc: 0.9709
  Val   loss: 0.4634, acc: 0.8672, AUC: 0.9374
Epoch 199/300
  Train loss: 0.2425, acc: 0.9776
  Val   loss: 0.4663, acc: 0.8688, AUC: 0.9304
Epoch 200/300
  Train loss: 0.2408, acc: 0.9776
  Val   loss: 0.4817, acc: 0.8704, AUC: 0.9370
Epoch 201/300
  Train loss: 0.2458, acc: 0.9765
  Val   loss: 0.4839, acc: 0.8640, AUC: 0.9301
Epoch 202/300
  Train loss: 0.2415, acc: 0.9784
  Val   loss: 0.4399, acc: 0.8832, AUC: 0.9398
Epoch 203/300
  Train loss: 0.2347, acc: 0.9819
  Val   loss: 0.4929, acc: 0.8640, AUC: 0.9335
Epoch 204/300
  Train loss: 0.2364, acc: 0.9771
  Val   loss: 0.5013, acc: 0.8688, AUC: 0.9365
Epoch 205/300
  Train loss: 0.2396, acc: 0.9763
  Val   loss: 0.4737, acc: 0.8656, AUC: 0.9355
Epoch 206/300
  Train loss: 0.2436, acc: 0.9763
  Val   loss: 0.4659, acc: 0.8688, AUC: 0.9398
Epoch 207/300
  Train loss: 0.2461, acc: 0.9747
  Val   loss: 0.4668, acc: 0.8624, AUC: 0.9350
Epoch 208/300
  Train loss: 0.2361, acc: 0.9819
  Val   loss: 0.4700, acc: 0.8768, AUC: 0.9418
Epoch 209/300
  Train loss: 0.2510, acc: 0.9715
  Val   loss: 0.4700, acc: 0.8720, AUC: 0.9412
Epoch 210/300
  Train loss: 0.2399, acc: 0.9771
  Val   loss: 0.4625, acc: 0.8672, AUC: 0.9393
Epoch 211/300
  Train loss: 0.2346, acc: 0.9848
  Val   loss: 0.4677, acc: 0.8592, AUC: 0.9382
Epoch 212/300
  Train loss: 0.2374, acc: 0.9792
  Val   loss: 0.4897, acc: 0.8656, AUC: 0.9258
Epoch 213/300
  Train loss: 0.2420, acc: 0.9773
  Val   loss: 0.4705, acc: 0.8736, AUC: 0.9382
Epoch 214/300
  Train loss: 0.2292, acc: 0.9869
  Val   loss: 0.4875, acc: 0.8704, AUC: 0.9265
Epoch 215/300
  Train loss: 0.2491, acc: 0.9755
  Val   loss: 0.4577, acc: 0.8640, AUC: 0.9388
Epoch 216/300
  Train loss: 0.2402, acc: 0.9773
  Val   loss: 0.4640, acc: 0.8640, AUC: 0.9394
Epoch 217/300
  Train loss: 0.2388, acc: 0.9789
  Val   loss: 0.4724, acc: 0.8608, AUC: 0.9415
Epoch 218/300
  Train loss: 0.2417, acc: 0.9776
  Val   loss: 0.4484, acc: 0.8768, AUC: 0.9436
Epoch 219/300
  Train loss: 0.2392, acc: 0.9795
  Val   loss: 0.4487, acc: 0.8768, AUC: 0.9341
Epoch 220/300
  Train loss: 0.2477, acc: 0.9741
  Val   loss: 0.4691, acc: 0.8672, AUC: 0.9418
Epoch 221/300
  Train loss: 0.2372, acc: 0.9805
  Val   loss: 0.4668, acc: 0.8640, AUC: 0.9335
Epoch 222/300
  Train loss: 0.2380, acc: 0.9816
  Val   loss: 0.4526, acc: 0.8688, AUC: 0.9413
Epoch 223/300
  Train loss: 0.2357, acc: 0.9819
  Val   loss: 0.4760, acc: 0.8672, AUC: 0.9319
Epoch 224/300
  Train loss: 0.2347, acc: 0.9816
  Val   loss: 0.4819, acc: 0.8688, AUC: 0.9357
Epoch 225/300
  Train loss: 0.2353, acc: 0.9827
  Val   loss: 0.4963, acc: 0.8528, AUC: 0.9330
Epoch 226/300
  Train loss: 0.2535, acc: 0.9720
  Val   loss: 0.4604, acc: 0.8736, AUC: 0.9436
Epoch 227/300
  Train loss: 0.2399, acc: 0.9781
  Val   loss: 0.4530, acc: 0.8752, AUC: 0.9430
Epoch 228/300
  Train loss: 0.2308, acc: 0.9827
  Val   loss: 0.4778, acc: 0.8768, AUC: 0.9381
Epoch 229/300
  Train loss: 0.2341, acc: 0.9821
  Val   loss: 0.4553, acc: 0.8704, AUC: 0.9423
Epoch 230/300
  Train loss: 0.2393, acc: 0.9803
  Val   loss: 0.4628, acc: 0.8624, AUC: 0.9422
Epoch 231/300
  Train loss: 0.2388, acc: 0.9787
  Val   loss: 0.4664, acc: 0.8736, AUC: 0.9340
Epoch 232/300
  Train loss: 0.2357, acc: 0.9816
  Val   loss: 0.4945, acc: 0.8448, AUC: 0.9261
Epoch 233/300
  Train loss: 0.2351, acc: 0.9840
  Val   loss: 0.5019, acc: 0.8528, AUC: 0.9184
Epoch 234/300
  Train loss: 0.2420, acc: 0.9779
  Val   loss: 0.4526, acc: 0.8864, AUC: 0.9424
Epoch 235/300
  Train loss: 0.2398, acc: 0.9787
  Val   loss: 0.4753, acc: 0.8624, AUC: 0.9358
Epoch 236/300
  Train loss: 0.2298, acc: 0.9885
  Val   loss: 0.4751, acc: 0.8688, AUC: 0.9302
Epoch 237/300
  Train loss: 0.2374, acc: 0.9803
  Val   loss: 0.4639, acc: 0.8704, AUC: 0.9325
Epoch 238/300
  Train loss: 0.2373, acc: 0.9792
  Val   loss: 0.4618, acc: 0.8656, AUC: 0.9333
Epoch 239/300
  Train loss: 0.2333, acc: 0.9837
  Val   loss: 0.4682, acc: 0.8704, AUC: 0.9335
Epoch 240/300
  Train loss: 0.2335, acc: 0.9827
  Val   loss: 0.4747, acc: 0.8608, AUC: 0.9323
Epoch 241/300
  Train loss: 0.2348, acc: 0.9843
  Val   loss: 0.4921, acc: 0.8608, AUC: 0.9315
Epoch 242/300
  Train loss: 0.2322, acc: 0.9840
  Val   loss: 0.4932, acc: 0.8624, AUC: 0.9398
Epoch 243/300
  Train loss: 0.2308, acc: 0.9843
  Val   loss: 0.4941, acc: 0.8576, AUC: 0.9412
Epoch 244/300
  Train loss: 0.2502, acc: 0.9733
  Val   loss: 0.4552, acc: 0.8720, AUC: 0.9429
Epoch 245/300
  Train loss: 0.2342, acc: 0.9813
  Val   loss: 0.4825, acc: 0.8672, AUC: 0.9402
Epoch 246/300
  Train loss: 0.2375, acc: 0.9824
  Val   loss: 0.4380, acc: 0.8848, AUC: 0.9399
Epoch 247/300
  Train loss: 0.2350, acc: 0.9829
  Val   loss: 0.4713, acc: 0.8704, AUC: 0.9385
Epoch 248/300
  Train loss: 0.2373, acc: 0.9755
  Val   loss: 0.4885, acc: 0.8640, AUC: 0.9312
Epoch 249/300
  Train loss: 0.2308, acc: 0.9867
  Val   loss: 0.5011, acc: 0.8528, AUC: 0.9290
Epoch 250/300
  Train loss: 0.2397, acc: 0.9795
  Val   loss: 0.4800, acc: 0.8640, AUC: 0.9426
Epoch 251/300
  Train loss: 0.2718, acc: 0.9616
  Val   loss: 0.4473, acc: 0.8736, AUC: 0.9457
Epoch 252/300
  Train loss: 0.2385, acc: 0.9792
  Val   loss: 0.4639, acc: 0.8592, AUC: 0.9386
Epoch 253/300
  Train loss: 0.2246, acc: 0.9859
  Val   loss: 0.4832, acc: 0.8592, AUC: 0.9412
Epoch 254/300
  Train loss: 0.2294, acc: 0.9859
  Val   loss: 0.4961, acc: 0.8624, AUC: 0.9329
Epoch 255/300
  Train loss: 0.2337, acc: 0.9851
  Val   loss: 0.4608, acc: 0.8688, AUC: 0.9384
Epoch 256/300
  Train loss: 0.2349, acc: 0.9816
  Val   loss: 0.4480, acc: 0.8688, AUC: 0.9454
Epoch 257/300
  Train loss: 0.2439, acc: 0.9771
  Val   loss: 0.4653, acc: 0.8720, AUC: 0.9456
Epoch 258/300
  Train loss: 0.2388, acc: 0.9787
  Val   loss: 0.4821, acc: 0.8576, AUC: 0.9406
Epoch 259/300
  Train loss: 0.2268, acc: 0.9859
  Val   loss: 0.4574, acc: 0.8704, AUC: 0.9434
Epoch 260/300
  Train loss: 0.2317, acc: 0.9819
  Val   loss: 0.4921, acc: 0.8624, AUC: 0.9353
Epoch 261/300
  Train loss: 0.2339, acc: 0.9851
  Val   loss: 0.4625, acc: 0.8704, AUC: 0.9419
Epoch 262/300
  Train loss: 0.2292, acc: 0.9832
  Val   loss: 0.4706, acc: 0.8720, AUC: 0.9437
Epoch 263/300
  Train loss: 0.2278, acc: 0.9861
  Val   loss: 0.4821, acc: 0.8544, AUC: 0.9423
Epoch 264/300
  Train loss: 0.2358, acc: 0.9816
  Val   loss: 0.4885, acc: 0.8688, AUC: 0.9445
Epoch 265/300
  Train loss: 0.2320, acc: 0.9859
  Val   loss: 0.4850, acc: 0.8592, AUC: 0.9421
Epoch 266/300
  Train loss: 0.2381, acc: 0.9811
  Val   loss: 0.4732, acc: 0.8624, AUC: 0.9498
Epoch 267/300
  Train loss: 0.2373, acc: 0.9816
  Val   loss: 0.4633, acc: 0.8672, AUC: 0.9400
Epoch 268/300
  Train loss: 0.2414, acc: 0.9795
  Val   loss: 0.4817, acc: 0.8592, AUC: 0.9293
Epoch 269/300
  Train loss: 0.2418, acc: 0.9749
  Val   loss: 0.4531, acc: 0.8672, AUC: 0.9289
Epoch 270/300
  Train loss: 0.2361, acc: 0.9829
  Val   loss: 0.5094, acc: 0.8496, AUC: 0.9264
Epoch 271/300
  Train loss: 0.2302, acc: 0.9824
  Val   loss: 0.4822, acc: 0.8720, AUC: 0.9234
Epoch 272/300
  Train loss: 0.2339, acc: 0.9808
  Val   loss: 0.4852, acc: 0.8640, AUC: 0.9286
Epoch 273/300
  Train loss: 0.2273, acc: 0.9859
  Val   loss: 0.4822, acc: 0.8672, AUC: 0.9360
Epoch 274/300
  Train loss: 0.2327, acc: 0.9835
  Val   loss: 0.4731, acc: 0.8704, AUC: 0.9446
Epoch 275/300
  Train loss: 0.2297, acc: 0.9837
  Val   loss: 0.4624, acc: 0.8672, AUC: 0.9462
Epoch 276/300
  Train loss: 0.2341, acc: 0.9835
  Val   loss: 0.4737, acc: 0.8592, AUC: 0.9406
Epoch 277/300
  Train loss: 0.2340, acc: 0.9821
  Val   loss: 0.4698, acc: 0.8576, AUC: 0.9412
Epoch 278/300
  Train loss: 0.2326, acc: 0.9859
  Val   loss: 0.5096, acc: 0.8592, AUC: 0.9459
Epoch 279/300
  Train loss: 0.2338, acc: 0.9843
  Val   loss: 0.4912, acc: 0.8544, AUC: 0.9367
Epoch 280/300
  Train loss: 0.2377, acc: 0.9784
  Val   loss: 0.4733, acc: 0.8672, AUC: 0.9353
Epoch 281/300
  Train loss: 0.2271, acc: 0.9875
  Val   loss: 0.4751, acc: 0.8672, AUC: 0.9406
Epoch 282/300
  Train loss: 0.2275, acc: 0.9885
  Val   loss: 0.4975, acc: 0.8624, AUC: 0.9280
Epoch 283/300
  Train loss: 0.2390, acc: 0.9792
  Val   loss: 0.4623, acc: 0.8656, AUC: 0.9381
Epoch 284/300
  Train loss: 0.2327, acc: 0.9837
  Val   loss: 0.4875, acc: 0.8688, AUC: 0.9381
Epoch 285/300
  Train loss: 0.2291, acc: 0.9845
  Val   loss: 0.4775, acc: 0.8592, AUC: 0.9393
Epoch 286/300
  Train loss: 0.2284, acc: 0.9856
  Val   loss: 0.4672, acc: 0.8736, AUC: 0.9462
Epoch 287/300
  Train loss: 0.2359, acc: 0.9800
  Val   loss: 0.4573, acc: 0.8688, AUC: 0.9434
Epoch 288/300
  Train loss: 0.2298, acc: 0.9835
  Val   loss: 0.4692, acc: 0.8656, AUC: 0.9441
Epoch 289/300
  Train loss: 0.2332, acc: 0.9821
  Val   loss: 0.4610, acc: 0.8704, AUC: 0.9420
Epoch 290/300
  Train loss: 0.2279, acc: 0.9880
  Val   loss: 0.4625, acc: 0.8768, AUC: 0.9416
Epoch 291/300
  Train loss: 0.2301, acc: 0.9848
  Val   loss: 0.5005, acc: 0.8640, AUC: 0.9400
Epoch 292/300
  Train loss: 0.2312, acc: 0.9832
  Val   loss: 0.4666, acc: 0.8688, AUC: 0.9380
Epoch 293/300
  Train loss: 0.2298, acc: 0.9853
  Val   loss: 0.4840, acc: 0.8608, AUC: 0.9390
Epoch 294/300
  Train loss: 0.2288, acc: 0.9864
  Val   loss: 0.4826, acc: 0.8496, AUC: 0.9346
Epoch 295/300
  Train loss: 0.2296, acc: 0.9845
  Val   loss: 0.4814, acc: 0.8672, AUC: 0.9335
Epoch 296/300
  Train loss: 0.2390, acc: 0.9805
  Val   loss: 0.4957, acc: 0.8640, AUC: 0.9284
Epoch 297/300
  Train loss: 0.2319, acc: 0.9827
  Val   loss: 0.4953, acc: 0.8576, AUC: 0.9317
Epoch 298/300
  Train loss: 0.2277, acc: 0.9859
  Val   loss: 0.5066, acc: 0.8640, AUC: 0.9414
Epoch 299/300
  Train loss: 0.2330, acc: 0.9856
  Val   loss: 0.5213, acc: 0.8544, AUC: 0.9313
Epoch 300/300
  Train loss: 0.2333, acc: 0.9824
/root/autodl-tmp/wjx_project/classcify-gw-lensing-pairs-main/SEMD-LensedGW-main/main.py:90: FutureWarning: You are using `torch.load` with `weights_only=False` (the current default value), which uses the default pickle module implicitly. It is possible to construct malicious pickle data which will execute arbitrary code during unpickling (See https://github.com/pytorch/pytorch/blob/main/SECURITY.md#untrusted-models for more details). In a future release, the default value for `weights_only` will be flipped to `True`. This limits the functions that could be executed during unpickling. Arbitrary objects will no longer be allowed to be loaded via this mode unless they are explicitly allowlisted by the user via `torch.serialization.add_safe_globals`. We recommend you start setting `weights_only=True` for any use case where you don't have full control of the loaded file. Please open an issue on GitHub for any issues related to this experimental feature.
  model.load_state_dict(torch.load(best_model_path, map_location=device))
  Val   loss: 0.4730, acc: 0.8688, AUC: 0.9280

Training complete. Best val AUC: 0.9567

Best model saved at: checkpoints/PM_noisy_cqt_model.pth
Loaded best model for evaluation. Evaluating on test set...
Test Accuracy: 0.8800
Lensed predictions saved to   output_PM_noisy_cqt_model_res/lensed_results.txt
Unlensed predictions saved to output_PM_noisy_cqt_model_res/unlensed_results.txt
Confusion matrix saved to output_PM_noisy_cqt_model_res/confusion_matrix.png
Smoothed ROC data saved to output_PM_noisy_cqt_model_res/roc_data.txt
Zoomed ROC curve saved to output_PM_noisy_cqt_model_res/roc_curve_zoom.png
