{
  "sis": {
    "mcnemar_b_pi_only_correct": 9666,
    "mcnemar_c_cqt_only_correct": 494,
    "mcnemar_exact_pvalue": 0.0,
    "auc_difference_pi_minus_cqt": 0.012065105714285762,
    "block_auc_difference_ci": [
      0.009480928405812095,
      0.014206279931315006
    ],
    "efficiency_difference": {
      "0.01": {
        "point": 0.1468571428571428,
        "ci": [
          0.12228571428571422,
          0.16800000000000004
        ]
      },
      "0.001": {
        "point": 0.1582857142857143,
        "ci": [
          0.1365714285714285,
          0.1811428571428571
        ]
      },
      "0.0001": {
        "point": -0.039999999999999994,
        "ci": [
          -0.06057142857142858,
          -0.016571428571428584
        ]
      }
    }
  },
  "pm": {
    "mcnemar_b_pi_only_correct": 9719,
    "mcnemar_c_cqt_only_correct": 1074,
    "mcnemar_exact_pvalue": 0.0,
    "auc_difference_pi_minus_cqt": 0.023977822857143005,
    "block_auc_difference_ci": [
      0.0204991508962107,
      0.027132666270160078
    ],
    "efficiency_difference": {
      "0.01": {
        "point": 0.3182857142857143,
        "ci": [
          0.2897142857142857,
          0.3474285714285715
        ]
      },
      "0.001": {
        "point": 0.13485714285714284,
        "ci": [
          0.11714285714285716,
          0.1514285714285714
        ]
      },
      "0.0001": {
        "point": 0.00914285714285714,
        "ci": [
          -0.0017142857142857133,
          0.02114285714285714
        ]
      }
    }
  }
}
